<?xml version="1.0" encoding="UTF-8"?>
<!-- Generated by org.testng.reporters.JUnitReportReporter -->
<testsuite hostname="TechMs-MacBook-Pro.local" failures="0" tests="1" name="Tests.TestTests" time="0.001" errors="0" timestamp="2022-03-15T14:52:49 PDT" skipped="0">
  <testcase classname="Tests.TestTests" name="testTestNG" time="0.001"/>
  <system-out/>
</testsuite> <!-- Tests.TestTests -->
