<?xml version="1.0" encoding="UTF-8"?>
<!-- Generated by org.testng.reporters.JUnitReportReporter -->
<testsuite hostname="TechMs-MacBook-Pro.local" failures="0" tests="5" name="Tests.CartTests" time="73.345" errors="0" timestamp="2022-03-18T10:45:53 PDT" skipped="0">
  <testcase classname="Tests.CartTests" name="checkOut" time="16.683"/>
  <system-out/>
  <testcase classname="Tests.CartTests" name="productsFromCat" time="13.198"/>
  <system-out/>
  <testcase classname="Tests.CartTests" name="cartProducts" time="12.617"/>
  <system-out/>
  <testcase classname="Tests.CartTests" name="removeProduct" time="17.780"/>
  <system-out/>
  <testcase classname="Tests.CartTests" name="productsFromSearch" time="13.067"/>
  <system-out/>
</testsuite> <!-- Tests.CartTests -->
