<?xml version="1.0" encoding="UTF-8"?>
<!-- Generated by org.testng.reporters.JUnitReportReporter -->
<testsuite hostname="TechMs-MacBook-Pro.local" failures="0" tests="5" name="Tests.CartTests" time="63.546" errors="0" timestamp="2022-03-16T21:05:17 PDT" skipped="0">
  <testcase classname="Tests.CartTests" name="checkOut" time="13.128"/>
  <system-out/>
  <testcase classname="Tests.CartTests" name="productsFromCat" time="14.080"/>
  <system-out/>
  <testcase classname="Tests.CartTests" name="removeProduct" time="14.114"/>
  <system-out/>
  <testcase classname="Tests.CartTests" name="cartProducts" time="10.008"/>
  <system-out/>
  <testcase classname="Tests.CartTests" name="productsFromSearch" time="12.216"/>
  <system-out/>
</testsuite> <!-- Tests.CartTests -->
