<?xml version="1.0" encoding="UTF-8"?>
<!-- Generated by org.testng.reporters.JUnitReportReporter -->
<testsuite hostname="TechMs-MacBook-Pro.local" failures="0" tests="6" name="Tests.ShopTests" time="52.465" errors="0" timestamp="2022-03-16T21:05:17 PDT" skipped="0">
  <testcase classname="Tests.ShopTests" name="recentViewedProducts" time="11.529"/>
  <system-out/>
  <testcase classname="Tests.ShopTests" name="productCategories" time="6.450"/>
  <system-out/>
  <testcase classname="Tests.ShopTests" name="searchProduct" time="7.985"/>
  <system-out/>
  <testcase classname="Tests.ShopTests" name="nineItemsPerPage" time="6.581"/>
  <system-out/>
  <testcase classname="Tests.ShopTests" name="categoryClothes" time="9.261"/>
  <system-out/>
  <testcase classname="Tests.ShopTests" name="searchErrorMessage" time="10.659"/>
  <system-out/>
</testsuite> <!-- Tests.ShopTests -->
