<?xml version="1.0" encoding="UTF-8"?>
<!-- Generated by org.testng.reporters.JUnitReportReporter -->
<testsuite hostname="TechMs-MacBook-Pro.local" failures="0" tests="5" name="Tests.CartTests" time="69.335" errors="0" timestamp="2022-03-17T11:54:57 PDT" skipped="0">
  <testcase classname="Tests.CartTests" name="cartProducts" time="15.373"/>
  <system-out/>
  <testcase classname="Tests.CartTests" name="productsFromCat" time="14.295"/>
  <system-out/>
  <testcase classname="Tests.CartTests" name="checkOut" time="13.056"/>
  <system-out/>
  <testcase classname="Tests.CartTests" name="productsFromSearch" time="12.052"/>
  <system-out/>
  <testcase classname="Tests.CartTests" name="removeProduct" time="14.559"/>
  <system-out/>
</testsuite> <!-- Tests.CartTests -->
